<?xml version="1.0" encoding="utf-8"?>
<coverage line-rate="0.3276" branch-rate="0.6379" version="1.9" timestamp="1774850598" lines-covered="499" lines-valid="1523" branches-covered="37" branches-valid="58">
  <sources>
    <source>c:\Users\micha\Desktop\Codebase\Personal\finance-tracker-api\</source>
  </sources>
  <packages>
    <package name="FinanceTracker.API" line-rate="0.8315" branch-rate="0.65" complexity="26">
      <classes>
        <class name="Program" filename="FinanceTracker\Program.cs" line-rate="0.8946999999999999" branch-rate="0.5" complexity="2">
          <methods>
            <method name="&lt;Main&gt;$" signature="(System.String[])" line-rate="0.8946999999999999" branch-rate="0.5" complexity="2">
              <lines>
                <line number="7" hits="2" branch="False" />
                <line number="9" hits="2" branch="False" />
                <line number="10" hits="2" branch="False" />
                <line number="12" hits="2" branch="False" />
                <line number="13" hits="2" branch="False" />
                <line number="14" hits="2" branch="False" />
                <line number="15" hits="2" branch="False" />
                <line number="16" hits="2" branch="False" />
                <line number="17" hits="2" branch="False" />
                <line number="21" hits="2" branch="False" />
                <line number="24" hits="2" branch="False" />
                <line number="25" hits="2" branch="False" />
                <line number="26" hits="2" branch="False" />
                <line number="27" hits="2" branch="False" />
                <line number="28" hits="2" branch="False" />
                <line number="29" hits="2" branch="False" />
                <line number="30" hits="2" branch="False" />
                <line number="31" hits="2" branch="False" />
                <line number="32" hits="2" branch="False" />
                <line number="33" hits="2" branch="False" />
                <line number="34" hits="2" branch="False" />
                <line number="35" hits="2" branch="False" />
                <line number="36" hits="2" branch="False" />
                <line number="37" hits="2" branch="False" />
                <line number="38" hits="0" branch="False" />
                <line number="39" hits="0" branch="False" />
                <line number="40" hits="2" branch="False" />
                <line number="42" hits="4" branch="False" />
                <line number="45" hits="2" branch="False" />
                <line number="46" hits="2" branch="False" />
                <line number="50" hits="2" branch="False" />
                <line number="53" hits="2" branch="True" condition-coverage="50% (1/2)">
                  <conditions>
                    <condition number="363" type="jump" coverage="50%" />
                  </conditions>
                </line>
                <line number="55" hits="0" branch="False" />
                <line number="56" hits="0" branch="False" />
                <line number="59" hits="2" branch="False" />
                <line number="61" hits="2" branch="False" />
                <line number="63" hits="2" branch="False" />
                <line number="65" hits="2" branch="False" />
              </lines>
            </method>
          </methods>
          <lines>
            <line number="7" hits="2" branch="False" />
            <line number="9" hits="2" branch="False" />
            <line number="10" hits="2" branch="False" />
            <line number="12" hits="2" branch="False" />
            <line number="13" hits="2" branch="False" />
            <line number="14" hits="2" branch="False" />
            <line number="15" hits="2" branch="False" />
            <line number="16" hits="2" branch="False" />
            <line number="17" hits="2" branch="False" />
            <line number="21" hits="2" branch="False" />
            <line number="24" hits="2" branch="False" />
            <line number="25" hits="2" branch="False" />
            <line number="26" hits="2" branch="False" />
            <line number="27" hits="2" branch="False" />
            <line number="28" hits="2" branch="False" />
            <line number="29" hits="2" branch="False" />
            <line number="30" hits="2" branch="False" />
            <line number="31" hits="2" branch="False" />
            <line number="32" hits="2" branch="False" />
            <line number="33" hits="2" branch="False" />
            <line number="34" hits="2" branch="False" />
            <line number="35" hits="2" branch="False" />
            <line number="36" hits="2" branch="False" />
            <line number="37" hits="2" branch="False" />
            <line number="38" hits="0" branch="False" />
            <line number="39" hits="0" branch="False" />
            <line number="40" hits="2" branch="False" />
            <line number="42" hits="4" branch="False" />
            <line number="45" hits="2" branch="False" />
            <line number="46" hits="2" branch="False" />
            <line number="50" hits="2" branch="False" />
            <line number="53" hits="2" branch="True" condition-coverage="50% (1/2)">
              <conditions>
                <condition number="363" type="jump" coverage="50%" />
              </conditions>
            </line>
            <line number="55" hits="0" branch="False" />
            <line number="56" hits="0" branch="False" />
            <line number="59" hits="2" branch="False" />
            <line number="61" hits="2" branch="False" />
            <line number="63" hits="2" branch="False" />
            <line number="65" hits="2" branch="False" />
          </lines>
        </class>
        <class name="FinanceTracker.Controllers.CategoriesV1Controller" filename="FinanceTracker\Controllers\CategoriesV1Controller.cs" line-rate="1" branch-rate="1" complexity="1">
          <methods>
            <method name=".ctor" signature="(MediatR.ISender)" line-rate="1" branch-rate="1" complexity="1">
              <lines>
                <line number="22" hits="8" branch="False" />
                <line number="24" hits="8" branch="False" />
                <line number="25" hits="8" branch="False" />
              </lines>
            </method>
          </methods>
          <lines>
            <line number="22" hits="8" branch="False" />
            <line number="24" hits="8" branch="False" />
            <line number="25" hits="8" branch="False" />
          </lines>
        </class>
        <class name="FinanceTracker.Controllers.CategoriesV1Controller/&lt;AddCategory&gt;d__2" filename="FinanceTracker\Controllers\CategoriesV1Controller.cs" line-rate="0.8" branch-rate="0.5" complexity="2">
          <methods>
            <method name="MoveNext" signature="()" line-rate="0.8" branch-rate="0.5" complexity="2">
              <lines>
                <line number="30" hits="3" branch="True" condition-coverage="50% (1/2)">
                  <conditions>
                    <condition number="28" type="jump" coverage="50%" />
                  </conditions>
                </line>
                <line number="31" hits="0" branch="False" />
                <line number="33" hits="3" branch="False" />
                <line number="34" hits="3" branch="False" />
                <line number="35" hits="3" branch="False" />
              </lines>
            </method>
          </methods>
          <lines>
            <line number="30" hits="3" branch="True" condition-coverage="50% (1/2)">
              <conditions>
                <condition number="28" type="jump" coverage="50%" />
              </conditions>
            </line>
            <line number="31" hits="0" branch="False" />
            <line number="33" hits="3" branch="False" />
            <line number="34" hits="3" branch="False" />
            <line number="35" hits="3" branch="False" />
          </lines>
        </class>
        <class name="FinanceTracker.Controllers.CategoriesV1Controller/&lt;DeleteCategory&gt;d__4" filename="FinanceTracker\Controllers\CategoriesV1Controller.cs" line-rate="0.8" branch-rate="0.5" complexity="2">
          <methods>
            <method name="MoveNext" signature="()" line-rate="0.8" branch-rate="0.5" complexity="2">
              <lines>
                <line number="53" hits="1" branch="False" />
                <line number="54" hits="1" branch="True" condition-coverage="50% (1/2)">
                  <conditions>
                    <condition number="143" type="jump" coverage="50%" />
                  </conditions>
                </line>
                <line number="55" hits="0" branch="False" />
                <line number="57" hits="1" branch="False" />
                <line number="58" hits="1" branch="False" />
              </lines>
            </method>
          </methods>
          <lines>
            <line number="53" hits="1" branch="False" />
            <line number="54" hits="1" branch="True" condition-coverage="50% (1/2)">
              <conditions>
                <condition number="143" type="jump" coverage="50%" />
              </conditions>
            </line>
            <line number="55" hits="0" branch="False" />
            <line number="57" hits="1" branch="False" />
            <line number="58" hits="1" branch="False" />
          </lines>
        </class>
        <class name="FinanceTracker.Controllers.CategoriesV1Controller/&lt;GetCategories&gt;d__6" filename="FinanceTracker\Controllers\CategoriesV1Controller.cs" line-rate="1" branch-rate="1" complexity="1">
          <methods>
            <method name="MoveNext" signature="()" line-rate="1" branch-rate="1" complexity="1">
              <lines>
                <line number="73" hits="1" branch="False" />
                <line number="74" hits="1" branch="False" />
                <line number="75" hits="1" branch="False" />
              </lines>
            </method>
          </methods>
          <lines>
            <line number="73" hits="1" branch="False" />
            <line number="74" hits="1" branch="False" />
            <line number="75" hits="1" branch="False" />
          </lines>
        </class>
        <class name="FinanceTracker.Controllers.CategoriesV1Controller/&lt;GetCategoryById&gt;d__5" filename="FinanceTracker\Controllers\CategoriesV1Controller.cs" line-rate="1" branch-rate="1" complexity="2">
          <methods>
            <method name="MoveNext" signature="()" line-rate="1" branch-rate="1" complexity="2">
              <lines>
                <line number="63" hits="2" branch="False" />
                <line number="64" hits="2" branch="True" condition-coverage="100% (2/2)">
                  <conditions>
                    <condition number="143" type="jump" coverage="100%" />
                  </conditions>
                </line>
                <line number="65" hits="1" branch="False" />
                <line number="67" hits="1" branch="False" />
                <line number="68" hits="2" branch="False" />
              </lines>
            </method>
          </methods>
          <lines>
            <line number="63" hits="2" branch="False" />
            <line number="64" hits="2" branch="True" condition-coverage="100% (2/2)">
              <conditions>
                <condition number="143" type="jump" coverage="100%" />
              </conditions>
            </line>
            <line number="65" hits="1" branch="False" />
            <line number="67" hits="1" branch="False" />
            <line number="68" hits="2" branch="False" />
          </lines>
        </class>
        <class name="FinanceTracker.Controllers.CategoriesV1Controller/&lt;UpdateCategory&gt;d__3" filename="FinanceTracker\Controllers\CategoriesV1Controller.cs" line-rate="0.7142000000000001" branch-rate="0.5" complexity="4">
          <methods>
            <method name="MoveNext" signature="()" line-rate="0.7142000000000001" branch-rate="0.5" complexity="4">
              <lines>
                <line number="40" hits="1" branch="True" condition-coverage="50% (1/2)">
                  <conditions>
                    <condition number="31" type="jump" coverage="50%" />
                  </conditions>
                </line>
                <line number="41" hits="0" branch="False" />
                <line number="43" hits="1" branch="False" />
                <line number="44" hits="1" branch="True" condition-coverage="50% (1/2)">
                  <conditions>
                    <condition number="192" type="jump" coverage="50%" />
                  </conditions>
                </line>
                <line number="45" hits="0" branch="False" />
                <line number="47" hits="1" branch="False" />
                <line number="48" hits="1" branch="False" />
              </lines>
            </method>
          </methods>
          <lines>
            <line number="40" hits="1" branch="True" condition-coverage="50% (1/2)">
              <conditions>
                <condition number="31" type="jump" coverage="50%" />
              </conditions>
            </line>
            <line number="41" hits="0" branch="False" />
            <line number="43" hits="1" branch="False" />
            <line number="44" hits="1" branch="True" condition-coverage="50% (1/2)">
              <conditions>
                <condition number="192" type="jump" coverage="50%" />
              </conditions>
            </line>
            <line number="45" hits="0" branch="False" />
            <line number="47" hits="1" branch="False" />
            <line number="48" hits="1" branch="False" />
          </lines>
        </class>
        <class name="FinanceTracker.Controllers.RecurringOptionsV1Controller" filename="FinanceTracker\Controllers\RecurringOptionsV1Controller.cs" line-rate="0" branch-rate="1" complexity="1">
          <methods>
            <method name=".ctor" signature="(MediatR.ISender)" line-rate="0" branch-rate="1" complexity="1">
              <lines>
                <line number="16" hits="0" branch="False" />
                <line number="18" hits="0" branch="False" />
                <line number="19" hits="0" branch="False" />
              </lines>
            </method>
          </methods>
          <lines>
            <line number="16" hits="0" branch="False" />
            <line number="18" hits="0" branch="False" />
            <line number="19" hits="0" branch="False" />
          </lines>
        </class>
        <class name="FinanceTracker.Controllers.RecurringOptionsV1Controller/&lt;GetRecurringOptions&gt;d__2" filename="FinanceTracker\Controllers\RecurringOptionsV1Controller.cs" line-rate="0" branch-rate="1" complexity="1">
          <methods>
            <method name="MoveNext" signature="()" line-rate="0" branch-rate="1" complexity="1">
              <lines>
                <line number="24" hits="0" branch="False" />
                <line number="25" hits="0" branch="False" />
                <line number="26" hits="0" branch="False" />
              </lines>
            </method>
          </methods>
          <lines>
            <line number="24" hits="0" branch="False" />
            <line number="25" hits="0" branch="False" />
            <line number="26" hits="0" branch="False" />
          </lines>
        </class>
        <class name="FinanceTracker.Controllers.TransactionsV1Controller" filename="FinanceTracker\Controllers\TransactionsV1Controller.cs" line-rate="1" branch-rate="1" complexity="1">
          <methods>
            <method name=".ctor" signature="(MediatR.ISender)" line-rate="1" branch-rate="1" complexity="1">
              <lines>
                <line number="21" hits="9" branch="False" />
                <line number="23" hits="9" branch="False" />
                <line number="24" hits="9" branch="False" />
              </lines>
            </method>
          </methods>
          <lines>
            <line number="21" hits="9" branch="False" />
            <line number="23" hits="9" branch="False" />
            <line number="24" hits="9" branch="False" />
          </lines>
        </class>
        <class name="FinanceTracker.Controllers.TransactionsV1Controller/&lt;AddTransaction&gt;d__2" filename="FinanceTracker\Controllers\TransactionsV1Controller.cs" line-rate="0.8" branch-rate="0.5" complexity="2">
          <methods>
            <method name="MoveNext" signature="()" line-rate="0.8" branch-rate="0.5" complexity="2">
              <lines>
                <line number="29" hits="1" branch="True" condition-coverage="50% (1/2)">
                  <conditions>
                    <condition number="28" type="jump" coverage="50%" />
                  </conditions>
                </line>
                <line number="30" hits="0" branch="False" />
                <line number="32" hits="1" branch="False" />
                <line number="33" hits="1" branch="False" />
                <line number="34" hits="1" branch="False" />
              </lines>
            </method>
          </methods>
          <lines>
            <line number="29" hits="1" branch="True" condition-coverage="50% (1/2)">
              <conditions>
                <condition number="28" type="jump" coverage="50%" />
              </conditions>
            </line>
            <line number="30" hits="0" branch="False" />
            <line number="32" hits="1" branch="False" />
            <line number="33" hits="1" branch="False" />
            <line number="34" hits="1" branch="False" />
          </lines>
        </class>
        <class name="FinanceTracker.Controllers.TransactionsV1Controller/&lt;DeleteTransaction&gt;d__4" filename="FinanceTracker\Controllers\TransactionsV1Controller.cs" line-rate="1" branch-rate="1" complexity="2">
          <methods>
            <method name="MoveNext" signature="()" line-rate="1" branch-rate="1" complexity="2">
              <lines>
                <line number="52" hits="3" branch="False" />
                <line number="53" hits="3" branch="True" condition-coverage="100% (2/2)">
                  <conditions>
                    <condition number="143" type="jump" coverage="100%" />
                  </conditions>
                </line>
                <line number="54" hits="2" branch="False" />
                <line number="56" hits="1" branch="False" />
                <line number="57" hits="3" branch="False" />
              </lines>
            </method>
          </methods>
          <lines>
            <line number="52" hits="3" branch="False" />
            <line number="53" hits="3" branch="True" condition-coverage="100% (2/2)">
              <conditions>
                <condition number="143" type="jump" coverage="100%" />
              </conditions>
            </line>
            <line number="54" hits="2" branch="False" />
            <line number="56" hits="1" branch="False" />
            <line number="57" hits="3" branch="False" />
          </lines>
        </class>
        <class name="FinanceTracker.Controllers.TransactionsV1Controller/&lt;GetTransactions&gt;d__5" filename="FinanceTracker\Controllers\TransactionsV1Controller.cs" line-rate="1" branch-rate="1" complexity="1">
          <methods>
            <method name="MoveNext" signature="()" line-rate="1" branch-rate="1" complexity="1">
              <lines>
                <line number="62" hits="2" branch="False" />
                <line number="63" hits="2" branch="False" />
                <line number="64" hits="2" branch="False" />
              </lines>
            </method>
          </methods>
          <lines>
            <line number="62" hits="2" branch="False" />
            <line number="63" hits="2" branch="False" />
            <line number="64" hits="2" branch="False" />
          </lines>
        </class>
        <class name="FinanceTracker.Controllers.TransactionsV1Controller/&lt;UpdateTransaction&gt;d__3" filename="FinanceTracker\Controllers\TransactionsV1Controller.cs" line-rate="0.8571" branch-rate="0.75" complexity="4">
          <methods>
            <method name="MoveNext" signature="()" line-rate="0.8571" branch-rate="0.75" complexity="4">
              <lines>
                <line number="39" hits="3" branch="True" condition-coverage="50% (1/2)">
                  <conditions>
                    <condition number="31" type="jump" coverage="50%" />
                  </conditions>
                </line>
                <line number="40" hits="0" branch="False" />
                <line number="42" hits="3" branch="False" />
                <line number="43" hits="3" branch="True" condition-coverage="100% (2/2)">
                  <conditions>
                    <condition number="192" type="jump" coverage="100%" />
                  </conditions>
                </line>
                <line number="44" hits="2" branch="False" />
                <line number="46" hits="1" branch="False" />
                <line number="47" hits="3" branch="False" />
              </lines>
            </method>
          </methods>
          <lines>
            <line number="39" hits="3" branch="True" condition-coverage="50% (1/2)">
              <conditions>
                <condition number="31" type="jump" coverage="50%" />
              </conditions>
            </line>
            <line number="40" hits="0" branch="False" />
            <line number="42" hits="3" branch="False" />
            <line number="43" hits="3" branch="True" condition-coverage="100% (2/2)">
              <conditions>
                <condition number="192" type="jump" coverage="100%" />
              </conditions>
            </line>
            <line number="44" hits="2" branch="False" />
            <line number="46" hits="1" branch="False" />
            <line number="47" hits="3" branch="False" />
          </lines>
        </class>
      </classes>
    </package>
    <package name="FinanceTracker.Application" line-rate="0.8369" branch-rate="0.6" complexity="118">
      <classes>
        <class name="FinanceTracker.Application.Services.CategoryService" filename="FinanceTracker.Application\Services\CategoryService.cs" line-rate="1" branch-rate="1" complexity="1">
          <methods>
            <method name=".ctor" signature="(FinanceTracker.Infrastructure.Persistence.ICategoryRepository)" line-rate="1" branch-rate="1" complexity="1">
              <lines>
                <line number="10" hits="8" branch="False" />
                <line number="12" hits="8" branch="False" />
                <line number="13" hits="8" branch="False" />
              </lines>
            </method>
          </methods>
          <lines>
            <line number="10" hits="8" branch="False" />
            <line number="12" hits="8" branch="False" />
            <line number="13" hits="8" branch="False" />
          </lines>
        </class>
        <class name="FinanceTracker.Application.Services.CategoryService/&lt;AddCategoryAsync&gt;d__2" filename="FinanceTracker.Application\Services\CategoryService.cs" line-rate="1" branch-rate="1" complexity="1">
          <methods>
            <method name="MoveNext" signature="()" line-rate="1" branch-rate="1" complexity="1">
              <lines>
                <line number="17" hits="3" branch="False" />
                <line number="18" hits="3" branch="False" />
              </lines>
            </method>
          </methods>
          <lines>
            <line number="17" hits="3" branch="False" />
            <line number="18" hits="3" branch="False" />
          </lines>
        </class>
        <class name="FinanceTracker.Application.Services.CategoryService/&lt;DeleteCategoryAsync&gt;d__6" filename="FinanceTracker.Application\Services\CategoryService.cs" line-rate="1" branch-rate="1" complexity="1">
          <methods>
            <method name="MoveNext" signature="()" line-rate="1" branch-rate="1" complexity="1">
              <lines>
                <line number="37" hits="1" branch="False" />
                <line number="38" hits="1" branch="False" />
              </lines>
            </method>
          </methods>
          <lines>
            <line number="37" hits="1" branch="False" />
            <line number="38" hits="1" branch="False" />
          </lines>
        </class>
        <class name="FinanceTracker.Application.Services.CategoryService/&lt;GetAllAsync&gt;d__4" filename="FinanceTracker.Application\Services\CategoryService.cs" line-rate="1" branch-rate="1" complexity="1">
          <methods>
            <method name="MoveNext" signature="()" line-rate="1" branch-rate="1" complexity="1">
              <lines>
                <line number="27" hits="1" branch="False" />
                <line number="28" hits="1" branch="False" />
              </lines>
            </method>
          </methods>
          <lines>
            <line number="27" hits="1" branch="False" />
            <line number="28" hits="1" branch="False" />
          </lines>
        </class>
        <class name="FinanceTracker.Application.Services.CategoryService/&lt;GetByTypeAsync&gt;d__5" filename="FinanceTracker.Application\Services\CategoryService.cs" line-rate="0" branch-rate="1" complexity="1">
          <methods>
            <method name="MoveNext" signature="()" line-rate="0" branch-rate="1" complexity="1">
              <lines>
                <line number="32" hits="0" branch="False" />
                <line number="33" hits="0" branch="False" />
              </lines>
            </method>
          </methods>
          <lines>
            <line number="32" hits="0" branch="False" />
            <line number="33" hits="0" branch="False" />
          </lines>
        </class>
        <class name="FinanceTracker.Application.Services.CategoryService/&lt;GetCategoryByIdAsync&gt;d__3" filename="FinanceTracker.Application\Services\CategoryService.cs" line-rate="1" branch-rate="1" complexity="1">
          <methods>
            <method name="MoveNext" signature="()" line-rate="1" branch-rate="1" complexity="1">
              <lines>
                <line number="22" hits="2" branch="False" />
                <line number="23" hits="2" branch="False" />
              </lines>
            </method>
          </methods>
          <lines>
            <line number="22" hits="2" branch="False" />
            <line number="23" hits="2" branch="False" />
          </lines>
        </class>
        <class name="FinanceTracker.Application.Services.CategoryService/&lt;UpdateCategoryAsync&gt;d__7" filename="FinanceTracker.Application\Services\CategoryService.cs" line-rate="0.8571" branch-rate="0.5" complexity="2">
          <methods>
            <method name="MoveNext" signature="()" line-rate="0.8571" branch-rate="0.5" complexity="2">
              <lines>
                <line number="42" hits="1" branch="False" />
                <line number="43" hits="1" branch="True" condition-coverage="50% (1/2)">
                  <conditions>
                    <condition number="131" type="jump" coverage="50%" />
                  </conditions>
                </line>
                <line number="44" hits="0" branch="False" />
                <line number="46" hits="1" branch="False" />
                <line number="47" hits="1" branch="False" />
                <line number="49" hits="1" branch="False" />
                <line number="50" hits="1" branch="False" />
              </lines>
            </method>
          </methods>
          <lines>
            <line number="42" hits="1" branch="False" />
            <line number="43" hits="1" branch="True" condition-coverage="50% (1/2)">
              <conditions>
                <condition number="131" type="jump" coverage="50%" />
              </conditions>
            </line>
            <line number="44" hits="0" branch="False" />
            <line number="46" hits="1" branch="False" />
            <line number="47" hits="1" branch="False" />
            <line number="49" hits="1" branch="False" />
            <line number="50" hits="1" branch="False" />
          </lines>
        </class>
        <class name="FinanceTracker.Application.Services.FrequencyService" filename="FinanceTracker.Application\Services\FrequencyService.cs" line-rate="0" branch-rate="1" complexity="1">
          <methods>
            <method name=".ctor" signature="(FinanceTracker.Infrastructure.Persistence.IFrequencyRepository)" line-rate="0" branch-rate="1" complexity="1">
              <lines>
                <line number="10" hits="0" branch="False" />
                <line number="12" hits="0" branch="False" />
                <line number="13" hits="0" branch="False" />
              </lines>
            </method>
          </methods>
          <lines>
            <line number="10" hits="0" branch="False" />
            <line number="12" hits="0" branch="False" />
            <line number="13" hits="0" branch="False" />
          </lines>
        </class>
        <class name="FinanceTracker.Application.Services.FrequencyService/&lt;GetAllAsync&gt;d__2" filename="FinanceTracker.Application\Services\FrequencyService.cs" line-rate="0" branch-rate="1" complexity="1">
          <methods>
            <method name="MoveNext" signature="()" line-rate="0" branch-rate="1" complexity="1">
              <lines>
                <line number="17" hits="0" branch="False" />
                <line number="18" hits="0" branch="False" />
              </lines>
            </method>
          </methods>
          <lines>
            <line number="17" hits="0" branch="False" />
            <line number="18" hits="0" branch="False" />
          </lines>
        </class>
        <class name="FinanceTracker.Application.Services.TransactionService" filename="FinanceTracker.Application\Services\TransactionService.cs" line-rate="1" branch-rate="1" complexity="1">
          <methods>
            <method name=".ctor" signature="(FinanceTracker.Infrastructure.Persistence.ITransactionRepository,FinanceTracker.Infrastructure.Persistence.ICategoryRepository)" line-rate="1" branch-rate="1" complexity="1">
              <lines>
                <line number="12" hits="7" branch="False" />
                <line number="14" hits="7" branch="False" />
                <line number="15" hits="7" branch="False" />
                <line number="16" hits="7" branch="False" />
              </lines>
            </method>
          </methods>
          <lines>
            <line number="12" hits="7" branch="False" />
            <line number="14" hits="7" branch="False" />
            <line number="15" hits="7" branch="False" />
            <line number="16" hits="7" branch="False" />
          </lines>
        </class>
        <class name="FinanceTracker.Application.Services.TransactionService/&lt;&gt;c" filename="FinanceTracker.Application\Services\TransactionService.cs" line-rate="0" branch-rate="1" complexity="1">
          <methods>
            <method name="&lt;GetByCategoryType&gt;b__6_0" signature="(FinanceTracker.Domain.Entities.Category)" line-rate="0" branch-rate="1" complexity="1">
              <lines>
                <line number="36" hits="0" branch="False" />
              </lines>
            </method>
          </methods>
          <lines>
            <line number="36" hits="0" branch="False" />
          </lines>
        </class>
        <class name="FinanceTracker.Application.Services.TransactionService/&lt;&gt;c__DisplayClass6_0" filename="FinanceTracker.Application\Services\TransactionService.cs" line-rate="0" branch-rate="1" complexity="1">
          <methods>
            <method name="&lt;GetByCategoryType&gt;b__1" signature="(FinanceTracker.Domain.Entities.Transaction)" line-rate="0" branch-rate="1" complexity="1">
              <lines>
                <line number="39" hits="0" branch="False" />
              </lines>
            </method>
          </methods>
          <lines>
            <line number="39" hits="0" branch="False" />
          </lines>
        </class>
        <class name="FinanceTracker.Application.Services.TransactionService/&lt;AddTransactionAsync&gt;d__3" filename="FinanceTracker.Application\Services\TransactionService.cs" line-rate="1" branch-rate="1" complexity="1">
          <methods>
            <method name="MoveNext" signature="()" line-rate="1" branch-rate="1" complexity="1">
              <lines>
                <line number="20" hits="1" branch="False" />
                <line number="21" hits="1" branch="False" />
              </lines>
            </method>
          </methods>
          <lines>
            <line number="20" hits="1" branch="False" />
            <line number="21" hits="1" branch="False" />
          </lines>
        </class>
        <class name="FinanceTracker.Application.Services.TransactionService/&lt;DeleteTransactionAsync&gt;d__8" filename="FinanceTracker.Application\Services\TransactionService.cs" line-rate="1" branch-rate="1" complexity="1">
          <methods>
            <method name="MoveNext" signature="()" line-rate="1" branch-rate="1" complexity="1">
              <lines>
                <line number="61" hits="2" branch="False" />
                <line number="62" hits="2" branch="False" />
              </lines>
            </method>
          </methods>
          <lines>
            <line number="61" hits="2" branch="False" />
            <line number="62" hits="2" branch="False" />
          </lines>
        </class>
        <class name="FinanceTracker.Application.Services.TransactionService/&lt;GetAllAsync&gt;d__5" filename="FinanceTracker.Application\Services\TransactionService.cs" line-rate="1" branch-rate="1" complexity="1">
          <methods>
            <method name="MoveNext" signature="()" line-rate="1" branch-rate="1" complexity="1">
              <lines>
                <line number="30" hits="2" branch="False" />
                <line number="31" hits="2" branch="False" />
              </lines>
            </method>
          </methods>
          <lines>
            <line number="30" hits="2" branch="False" />
            <line number="31" hits="2" branch="False" />
          </lines>
        </class>
        <class name="FinanceTracker.Application.Services.TransactionService/&lt;GetByCategoryType&gt;d__6" filename="FinanceTracker.Application\Services\TransactionService.cs" line-rate="0" branch-rate="1" complexity="1">
          <methods>
            <method name="MoveNext" signature="()" line-rate="0" branch-rate="1" complexity="1">
              <lines>
                <line number="35" hits="0" branch="False" />
                <line number="38" hits="0" branch="False" />
                <line number="40" hits="0" branch="False" />
              </lines>
            </method>
          </methods>
          <lines>
            <line number="35" hits="0" branch="False" />
            <line number="38" hits="0" branch="False" />
            <line number="40" hits="0" branch="False" />
          </lines>
        </class>
        <class name="FinanceTracker.Application.Services.TransactionService/&lt;GetByIdAsync&gt;d__4" filename="FinanceTracker.Application\Services\TransactionService.cs" line-rate="1" branch-rate="1" complexity="1">
          <methods>
            <method name="MoveNext" signature="()" line-rate="1" branch-rate="1" complexity="1">
              <lines>
                <line number="25" hits="2" branch="False" />
                <line number="26" hits="2" branch="False" />
              </lines>
            </method>
          </methods>
          <lines>
            <line number="25" hits="2" branch="False" />
            <line number="26" hits="2" branch="False" />
          </lines>
        </class>
        <class name="FinanceTracker.Application.Services.TransactionService/&lt;UpdateTransactionAsync&gt;d__7" filename="FinanceTracker.Application\Services\TransactionService.cs" line-rate="1" branch-rate="1" complexity="2">
          <methods>
            <method name="MoveNext" signature="()" line-rate="1" branch-rate="1" complexity="2">
              <lines>
                <line number="44" hits="2" branch="True" condition-coverage="100% (2/2)">
                  <conditions>
                    <condition number="91" type="jump" coverage="100%" />
                  </conditions>
                </line>
                <line number="45" hits="2" branch="False" />
                <line number="46" hits="2" branch="False" />
                <line number="47" hits="2" branch="False" />
                <line number="48" hits="2" branch="False" />
                <line number="49" hits="2" branch="False" />
                <line number="50" hits="2" branch="False" />
                <line number="51" hits="2" branch="False" />
                <line number="52" hits="2" branch="False" />
                <line number="53" hits="2" branch="False" />
                <line number="54" hits="2" branch="False" />
                <line number="56" hits="2" branch="False" />
                <line number="57" hits="2" branch="False" />
              </lines>
            </method>
          </methods>
          <lines>
            <line number="44" hits="2" branch="True" condition-coverage="100% (2/2)">
              <conditions>
                <condition number="91" type="jump" coverage="100%" />
              </conditions>
            </line>
            <line number="45" hits="2" branch="False" />
            <line number="46" hits="2" branch="False" />
            <line number="47" hits="2" branch="False" />
            <line number="48" hits="2" branch="False" />
            <line number="49" hits="2" branch="False" />
            <line number="50" hits="2" branch="False" />
            <line number="51" hits="2" branch="False" />
            <line number="52" hits="2" branch="False" />
            <line number="53" hits="2" branch="False" />
            <line number="54" hits="2" branch="False" />
            <line number="56" hits="2" branch="False" />
            <line number="57" hits="2" branch="False" />
          </lines>
        </class>
        <class name="FinanceTracker.Application.Features.Transactions.Queries.GetAllTransactions.GetAllTransactionsQuery" filename="FinanceTracker.Application\Features\Transactions\Queries\GetAllTransactions\GetAllTransactionsQuery.cs" line-rate="1" branch-rate="1" complexity="2">
          <methods>
            <method name="get_CategoryType" signature="()" line-rate="1" branch-rate="1" complexity="1">
              <lines>
                <line number="8" hits="2" branch="False" />
              </lines>
            </method>
            <method name=".ctor" signature="(System.Nullable`1&lt;FinanceTracker.Domain.Entities.CategoryType&gt;)" line-rate="1" branch-rate="1" complexity="1">
              <lines>
                <line number="7" hits="2" branch="False" />
                <line number="9" hits="2" branch="False" />
              </lines>
            </method>
          </methods>
          <lines>
            <line number="8" hits="2" branch="False" />
            <line number="7" hits="2" branch="False" />
            <line number="9" hits="2" branch="False" />
          </lines>
        </class>
        <class name="FinanceTracker.Application.Features.Transactions.Queries.GetAllTransactions.GetAllTransactionsQueryHandler" filename="FinanceTracker.Application\Features\Transactions\Queries\GetAllTransactions\GetAllTransactionsQueryHandler.cs" line-rate="1" branch-rate="1" complexity="1">
          <methods>
            <method name=".ctor" signature="(FinanceTracker.Application.Services.ITransactionService)" line-rate="1" branch-rate="1" complexity="1">
              <lines>
                <line number="11" hits="2" branch="False" />
                <line number="13" hits="2" branch="False" />
                <line number="14" hits="2" branch="False" />
              </lines>
            </method>
          </methods>
          <lines>
            <line number="11" hits="2" branch="False" />
            <line number="13" hits="2" branch="False" />
            <line number="14" hits="2" branch="False" />
          </lines>
        </class>
        <class name="FinanceTracker.Application.Features.Transactions.Queries.GetAllTransactions.GetAllTransactionsQueryHandler/&lt;Handle&gt;d__2" filename="FinanceTracker.Application\Features\Transactions\Queries\GetAllTransactions\GetAllTransactionsQueryHandler.cs" line-rate="0.6666" branch-rate="0.5" complexity="2">
          <methods>
            <method name="MoveNext" signature="()" line-rate="0.6666" branch-rate="0.5" complexity="2">
              <lines>
                <line number="18" hits="2" branch="True" condition-coverage="50% (1/2)">
                  <conditions>
                    <condition number="43" type="jump" coverage="50%" />
                  </conditions>
                </line>
                <line number="20" hits="0" branch="False" />
                <line number="21" hits="0" branch="False" />
                <line number="24" hits="2" branch="False" />
                <line number="25" hits="2" branch="False" />
                <line number="26" hits="2" branch="False" />
              </lines>
            </method>
          </methods>
          <lines>
            <line number="18" hits="2" branch="True" condition-coverage="50% (1/2)">
              <conditions>
                <condition number="43" type="jump" coverage="50%" />
              </conditions>
            </line>
            <line number="20" hits="0" branch="False" />
            <line number="21" hits="0" branch="False" />
            <line number="24" hits="2" branch="False" />
            <line number="25" hits="2" branch="False" />
            <line number="26" hits="2" branch="False" />
          </lines>
        </class>
        <class name="FinanceTracker.Application.Features.Transactions.Commands.UpdateTransaction.UpdateTransactionCommand" filename="FinanceTracker.Application\Features\Transactions\Commands\UpdateTransaction\UpdateTransactionCommand.cs" line-rate="1" branch-rate="1" complexity="1">
          <methods>
            <method name="get_Id" signature="()" line-rate="1" branch-rate="1" complexity="1">
              <lines>
                <line number="7" hits="15" branch="False" />
              </lines>
            </method>
          </methods>
          <lines>
            <line number="7" hits="15" branch="False" />
          </lines>
        </class>
        <class name="FinanceTracker.Application.Features.Transactions.Commands.UpdateTransaction.UpdateTransactionCommandHandler" filename="FinanceTracker.Application\Features\Transactions\Commands\UpdateTransaction\UpdateTransactionCommandHandler.cs" line-rate="1" branch-rate="1" complexity="1">
          <methods>
            <method name=".ctor" signature="(FinanceTracker.Application.Services.ITransactionService)" line-rate="1" branch-rate="1" complexity="1">
              <lines>
                <line number="11" hits="4" branch="False" />
                <line number="13" hits="4" branch="False" />
                <line number="14" hits="4" branch="False" />
              </lines>
            </method>
          </methods>
          <lines>
            <line number="11" hits="4" branch="False" />
            <line number="13" hits="4" branch="False" />
            <line number="14" hits="4" branch="False" />
          </lines>
        </class>
        <class name="FinanceTracker.Application.Features.Transactions.Commands.UpdateTransaction.UpdateTransactionCommandHandler/&lt;Handle&gt;d__2" filename="FinanceTracker.Application\Features\Transactions\Commands\UpdateTransaction\UpdateTransactionCommandHandler.cs" line-rate="1" branch-rate="0.75" complexity="4">
          <methods>
            <method name="MoveNext" signature="()" line-rate="1" branch-rate="0.75" complexity="4">
              <lines>
                <line number="18" hits="4" branch="False" />
                <line number="19" hits="4" branch="True" condition-coverage="100% (2/2)">
                  <conditions>
                    <condition number="159" type="jump" coverage="100%" />
                  </conditions>
                </line>
                <line number="20" hits="2" branch="False" />
                <line number="22" hits="2" branch="False" />
                <line number="23" hits="2" branch="True" condition-coverage="50% (1/2)">
                  <conditions>
                    <condition number="276" type="jump" coverage="50%" />
                  </conditions>
                </line>
                <line number="24" hits="4" branch="False" />
              </lines>
            </method>
          </methods>
          <lines>
            <line number="18" hits="4" branch="False" />
            <line number="19" hits="4" branch="True" condition-coverage="100% (2/2)">
              <conditions>
                <condition number="159" type="jump" coverage="100%" />
              </conditions>
            </line>
            <line number="20" hits="2" branch="False" />
            <line number="22" hits="2" branch="False" />
            <line number="23" hits="2" branch="True" condition-coverage="50% (1/2)">
              <conditions>
                <condition number="276" type="jump" coverage="50%" />
              </conditions>
            </line>
            <line number="24" hits="4" branch="False" />
          </lines>
        </class>
        <class name="FinanceTracker.Application.Features.Transactions.Commands.DeleteTransaction.DeleteTransactionCommand" filename="FinanceTracker.Application\Features\Transactions\Commands\DeleteTransaction\DeleteTransactionCommand.cs" line-rate="1" branch-rate="1" complexity="1">
          <methods>
            <method name="get_Id" signature="()" line-rate="1" branch-rate="1" complexity="1">
              <lines>
                <line number="5" hits="9" branch="False" />
              </lines>
            </method>
          </methods>
          <lines>
            <line number="5" hits="9" branch="False" />
          </lines>
        </class>
        <class name="FinanceTracker.Application.Features.Transactions.Commands.DeleteTransaction.DeleteTransactionCommandHandler" filename="FinanceTracker.Application\Features\Transactions\Commands\DeleteTransaction\DeleteTransactionCommandHandler.cs" line-rate="1" branch-rate="1" complexity="1">
          <methods>
            <method name=".ctor" signature="(FinanceTracker.Application.Services.ITransactionService)" line-rate="1" branch-rate="1" complexity="1">
              <lines>
                <line number="10" hits="4" branch="False" />
                <line number="12" hits="4" branch="False" />
                <line number="13" hits="4" branch="False" />
              </lines>
            </method>
          </methods>
          <lines>
            <line number="10" hits="4" branch="False" />
            <line number="12" hits="4" branch="False" />
            <line number="13" hits="4" branch="False" />
          </lines>
        </class>
        <class name="FinanceTracker.Application.Features.Transactions.Commands.DeleteTransaction.DeleteTransactionCommandHandler/&lt;Handle&gt;d__2" filename="FinanceTracker.Application\Features\Transactions\Commands\DeleteTransaction\DeleteTransactionCommandHandler.cs" line-rate="1" branch-rate="1" complexity="1">
          <methods>
            <method name="MoveNext" signature="()" line-rate="1" branch-rate="1" complexity="1">
              <lines>
                <line number="17" hits="4" branch="False" />
                <line number="18" hits="4" branch="False" />
              </lines>
            </method>
          </methods>
          <lines>
            <line number="17" hits="4" branch="False" />
            <line number="18" hits="4" branch="False" />
          </lines>
        </class>
        <class name="FinanceTracker.Application.Features.Transactions.Commands.CreateTransaction.CreateTransactionCommand" filename="FinanceTracker.Application\Features\Transactions\Commands\CreateTransaction\CreateTransactionCommand.cs" line-rate="1" branch-rate="1" complexity="1">
          <methods>
            <method name="get_Dto" signature="()" line-rate="1" branch-rate="1" complexity="1">
              <lines>
                <line number="7" hits="16" branch="False" />
              </lines>
            </method>
          </methods>
          <lines>
            <line number="7" hits="16" branch="False" />
          </lines>
        </class>
        <class name="FinanceTracker.Application.Features.Transactions.Commands.CreateTransaction.CreateTransactionCommandHandler" filename="FinanceTracker.Application\Features\Transactions\Commands\CreateTransaction\CreateTransactionCommandHandler.cs" line-rate="1" branch-rate="1" complexity="1">
          <methods>
            <method name=".ctor" signature="(FinanceTracker.Application.Services.ITransactionService)" line-rate="1" branch-rate="1" complexity="1">
              <lines>
                <line number="12" hits="2" branch="False" />
                <line number="14" hits="2" branch="False" />
                <line number="15" hits="2" branch="False" />
              </lines>
            </method>
          </methods>
          <lines>
            <line number="12" hits="2" branch="False" />
            <line number="14" hits="2" branch="False" />
            <line number="15" hits="2" branch="False" />
          </lines>
        </class>
        <class name="FinanceTracker.Application.Features.Transactions.Commands.CreateTransaction.CreateTransactionCommandHandler/&lt;Handle&gt;d__2" filename="FinanceTracker.Application\Features\Transactions\Commands\CreateTransaction\CreateTransactionCommandHandler.cs" line-rate="1" branch-rate="0.5" complexity="4">
          <methods>
            <method name="MoveNext" signature="()" line-rate="1" branch-rate="0.5" complexity="4">
              <lines>
                <line number="19" hits="2" branch="True" condition-coverage="50% (1/2)">
                  <conditions>
                    <condition number="112" type="jump" coverage="50%" />
                  </conditions>
                </line>
                <line number="20" hits="2" branch="False" />
                <line number="21" hits="2" branch="False" />
                <line number="22" hits="2" branch="False" />
                <line number="23" hits="2" branch="False" />
                <line number="24" hits="2" branch="False" />
                <line number="25" hits="2" branch="False" />
                <line number="26" hits="2" branch="False" />
                <line number="27" hits="2" branch="False" />
                <line number="28" hits="2" branch="False" />
                <line number="29" hits="2" branch="False" />
                <line number="30" hits="2" branch="False" />
                <line number="31" hits="2" branch="False" />
                <line number="33" hits="2" branch="False" />
                <line number="34" hits="2" branch="False" />
                <line number="36" hits="2" branch="True" condition-coverage="50% (1/2)">
                  <conditions>
                    <condition number="443" type="jump" coverage="50%" />
                  </conditions>
                </line>
                <line number="37" hits="2" branch="False" />
              </lines>
            </method>
          </methods>
          <lines>
            <line number="19" hits="2" branch="True" condition-coverage="50% (1/2)">
              <conditions>
                <condition number="112" type="jump" coverage="50%" />
              </conditions>
            </line>
            <line number="20" hits="2" branch="False" />
            <line number="21" hits="2" branch="False" />
            <line number="22" hits="2" branch="False" />
            <line number="23" hits="2" branch="False" />
            <line number="24" hits="2" branch="False" />
            <line number="25" hits="2" branch="False" />
            <line number="26" hits="2" branch="False" />
            <line number="27" hits="2" branch="False" />
            <line number="28" hits="2" branch="False" />
            <line number="29" hits="2" branch="False" />
            <line number="30" hits="2" branch="False" />
            <line number="31" hits="2" branch="False" />
            <line number="33" hits="2" branch="False" />
            <line number="34" hits="2" branch="False" />
            <line number="36" hits="2" branch="True" condition-coverage="50% (1/2)">
              <conditions>
                <condition number="443" type="jump" coverage="50%" />
              </conditions>
            </line>
            <line number="37" hits="2" branch="False" />
          </lines>
        </class>
        <class name="FinanceTracker.Application.Features.Frequencies.Queries.GetRecurringOptions.GetRecurringOptionsQueryHandler" filename="FinanceTracker.Application\Features\Frequencies\Queries\GetRecurringOptions\GetRecurringOptionsQueryHandler.cs" line-rate="0" branch-rate="1" complexity="1">
          <methods>
            <method name=".ctor" signature="(FinanceTracker.Application.Services.IFrequencyService)" line-rate="0" branch-rate="1" complexity="1">
              <lines>
                <line number="11" hits="0" branch="False" />
                <line number="13" hits="0" branch="False" />
                <line number="14" hits="0" branch="False" />
              </lines>
            </method>
          </methods>
          <lines>
            <line number="11" hits="0" branch="False" />
            <line number="13" hits="0" branch="False" />
            <line number="14" hits="0" branch="False" />
          </lines>
        </class>
        <class name="FinanceTracker.Application.Features.Frequencies.Queries.GetRecurringOptions.GetRecurringOptionsQueryHandler/&lt;Handle&gt;d__2" filename="FinanceTracker.Application\Features\Frequencies\Queries\GetRecurringOptions\GetRecurringOptionsQueryHandler.cs" line-rate="0" branch-rate="1" complexity="1">
          <methods>
            <method name="MoveNext" signature="()" line-rate="0" branch-rate="1" complexity="1">
              <lines>
                <line number="18" hits="0" branch="False" />
                <line number="19" hits="0" branch="False" />
                <line number="20" hits="0" branch="False" />
              </lines>
            </method>
          </methods>
          <lines>
            <line number="18" hits="0" branch="False" />
            <line number="19" hits="0" branch="False" />
            <line number="20" hits="0" branch="False" />
          </lines>
        </class>
        <class name="FinanceTracker.Application.Features.Categories.Queries.GetCategoryById.GetCategoryByIdQuery" filename="FinanceTracker.Application\Features\Categories\Queries\GetCategoryById\GetCategoryByIdQuery.cs" line-rate="1" branch-rate="1" complexity="1">
          <methods>
            <method name="get_Id" signature="()" line-rate="1" branch-rate="1" complexity="1">
              <lines>
                <line number="6" hits="4" branch="False" />
              </lines>
            </method>
          </methods>
          <lines>
            <line number="6" hits="4" branch="False" />
          </lines>
        </class>
        <class name="FinanceTracker.Application.Features.Categories.Queries.GetCategoryById.GetCategoryByIdQueryHandler" filename="FinanceTracker.Application\Features\Categories\Queries\GetCategoryById\GetCategoryByIdQueryHandler.cs" line-rate="1" branch-rate="1" complexity="1">
          <methods>
            <method name=".ctor" signature="(FinanceTracker.Application.Services.ICategoryService)" line-rate="1" branch-rate="1" complexity="1">
              <lines>
                <line number="11" hits="2" branch="False" />
                <line number="13" hits="2" branch="False" />
                <line number="14" hits="2" branch="False" />
              </lines>
            </method>
          </methods>
          <lines>
            <line number="11" hits="2" branch="False" />
            <line number="13" hits="2" branch="False" />
            <line number="14" hits="2" branch="False" />
          </lines>
        </class>
        <class name="FinanceTracker.Application.Features.Categories.Queries.GetCategoryById.GetCategoryByIdQueryHandler/&lt;Handle&gt;d__2" filename="FinanceTracker.Application\Features\Categories\Queries\GetCategoryById\GetCategoryByIdQueryHandler.cs" line-rate="1" branch-rate="1" complexity="2">
          <methods>
            <method name="MoveNext" signature="()" line-rate="1" branch-rate="1" complexity="2">
              <lines>
                <line number="18" hits="2" branch="False" />
                <line number="19" hits="2" branch="True" condition-coverage="100% (2/2)">
                  <conditions>
                    <condition number="126" type="jump" coverage="100%" />
                  </conditions>
                </line>
                <line number="20" hits="2" branch="False" />
              </lines>
            </method>
          </methods>
          <lines>
            <line number="18" hits="2" branch="False" />
            <line number="19" hits="2" branch="True" condition-coverage="100% (2/2)">
              <conditions>
                <condition number="126" type="jump" coverage="100%" />
              </conditions>
            </line>
            <line number="20" hits="2" branch="False" />
          </lines>
        </class>
        <class name="FinanceTracker.Application.Features.Categories.Queries.GetCategories.GetCategoriesQuery" filename="FinanceTracker.Application\Features\Categories\Queries\GetCategories\GetCategoriesQuery.cs" line-rate="1" branch-rate="1" complexity="1">
          <methods>
            <method name="get_Type" signature="()" line-rate="1" branch-rate="1" complexity="1">
              <lines>
                <line number="7" hits="2" branch="False" />
              </lines>
            </method>
          </methods>
          <lines>
            <line number="7" hits="2" branch="False" />
          </lines>
        </class>
        <class name="FinanceTracker.Application.Features.Categories.Queries.GetCategories.GetCategoriesQueryHandler" filename="FinanceTracker.Application\Features\Categories\Queries\GetCategories\GetCategoriesQueryHandler.cs" line-rate="1" branch-rate="1" complexity="1">
          <methods>
            <method name=".ctor" signature="(FinanceTracker.Application.Services.ICategoryService)" line-rate="1" branch-rate="1" complexity="1">
              <lines>
                <line number="11" hits="1" branch="False" />
                <line number="13" hits="1" branch="False" />
                <line number="14" hits="1" branch="False" />
              </lines>
            </method>
          </methods>
          <lines>
            <line number="11" hits="1" branch="False" />
            <line number="13" hits="1" branch="False" />
            <line number="14" hits="1" branch="False" />
          </lines>
        </class>
        <class name="FinanceTracker.Application.Features.Categories.Queries.GetCategories.GetCategoriesQueryHandler/&lt;Handle&gt;d__2" filename="FinanceTracker.Application\Features\Categories\Queries\GetCategories\GetCategoriesQueryHandler.cs" line-rate="1" branch-rate="0.5" complexity="2">
          <methods>
            <method name="MoveNext" signature="()" line-rate="1" branch-rate="0.5" complexity="2">
              <lines>
                <line number="18" hits="1" branch="True" condition-coverage="50% (1/2)">
                  <conditions>
                    <condition number="44" type="jump" coverage="50%" />
                  </conditions>
                </line>
                <line number="19" hits="1" branch="False" />
                <line number="20" hits="1" branch="False" />
                <line number="22" hits="1" branch="False" />
                <line number="23" hits="1" branch="False" />
              </lines>
            </method>
          </methods>
          <lines>
            <line number="18" hits="1" branch="True" condition-coverage="50% (1/2)">
              <conditions>
                <condition number="44" type="jump" coverage="50%" />
              </conditions>
            </line>
            <line number="19" hits="1" branch="False" />
            <line number="20" hits="1" branch="False" />
            <line number="22" hits="1" branch="False" />
            <line number="23" hits="1" branch="False" />
          </lines>
        </class>
        <class name="FinanceTracker.Application.Features.Categories.Commands.UpdateCategory.UpdateCategoryCommand" filename="FinanceTracker.Application\Features\Categories\Commands\UpdateCategory\UpdateCategoryCommand.cs" line-rate="1" branch-rate="1" complexity="1">
          <methods>
            <method name="get_Id" signature="()" line-rate="1" branch-rate="1" complexity="1">
              <lines>
                <line number="7" hits="4" branch="False" />
              </lines>
            </method>
          </methods>
          <lines>
            <line number="7" hits="4" branch="False" />
          </lines>
        </class>
        <class name="FinanceTracker.Application.Features.Categories.Commands.UpdateCategory.UpdateCategoryCommandHandler" filename="FinanceTracker.Application\Features\Categories\Commands\UpdateCategory\UpdateCategoryCommandHandler.cs" line-rate="1" branch-rate="1" complexity="1">
          <methods>
            <method name=".ctor" signature="(FinanceTracker.Application.Services.ICategoryService)" line-rate="1" branch-rate="1" complexity="1">
              <lines>
                <line number="11" hits="1" branch="False" />
                <line number="13" hits="1" branch="False" />
                <line number="14" hits="1" branch="False" />
              </lines>
            </method>
          </methods>
          <lines>
            <line number="11" hits="1" branch="False" />
            <line number="13" hits="1" branch="False" />
            <line number="14" hits="1" branch="False" />
          </lines>
        </class>
        <class name="FinanceTracker.Application.Features.Categories.Commands.UpdateCategory.UpdateCategoryCommandHandler/&lt;Handle&gt;d__2" filename="FinanceTracker.Application\Features\Categories\Commands\UpdateCategory\UpdateCategoryCommandHandler.cs" line-rate="1" branch-rate="0.5" complexity="2">
          <methods>
            <method name="MoveNext" signature="()" line-rate="1" branch-rate="0.5" complexity="2">
              <lines>
                <line number="18" hits="1" branch="False" />
                <line number="19" hits="1" branch="True" condition-coverage="50% (1/2)">
                  <conditions>
                    <condition number="158" type="jump" coverage="50%" />
                  </conditions>
                </line>
                <line number="20" hits="1" branch="False" />
              </lines>
            </method>
          </methods>
          <lines>
            <line number="18" hits="1" branch="False" />
            <line number="19" hits="1" branch="True" condition-coverage="50% (1/2)">
              <conditions>
                <condition number="158" type="jump" coverage="50%" />
              </conditions>
            </line>
            <line number="20" hits="1" branch="False" />
          </lines>
        </class>
        <class name="FinanceTracker.Application.Features.Categories.Commands.DeleteCategory.DeleteCategoryCommand" filename="FinanceTracker.Application\Features\Categories\Commands\DeleteCategory\DeleteCategoryCommand.cs" line-rate="1" branch-rate="1" complexity="1">
          <methods>
            <method name="get_Id" signature="()" line-rate="1" branch-rate="1" complexity="1">
              <lines>
                <line number="5" hits="2" branch="False" />
              </lines>
            </method>
          </methods>
          <lines>
            <line number="5" hits="2" branch="False" />
          </lines>
        </class>
        <class name="FinanceTracker.Application.Features.Categories.Commands.DeleteCategory.DeleteCategoryCommandHandler" filename="FinanceTracker.Application\Features\Categories\Commands\DeleteCategory\DeleteCategoryCommandHandler.cs" line-rate="1" branch-rate="1" complexity="1">
          <methods>
            <method name=".ctor" signature="(FinanceTracker.Application.Services.ICategoryService)" line-rate="1" branch-rate="1" complexity="1">
              <lines>
                <line number="10" hits="1" branch="False" />
                <line number="12" hits="1" branch="False" />
                <line number="13" hits="1" branch="False" />
              </lines>
            </method>
          </methods>
          <lines>
            <line number="10" hits="1" branch="False" />
            <line number="12" hits="1" branch="False" />
            <line number="13" hits="1" branch="False" />
          </lines>
        </class>
        <class name="FinanceTracker.Application.Features.Categories.Commands.DeleteCategory.DeleteCategoryCommandHandler/&lt;Handle&gt;d__2" filename="FinanceTracker.Application\Features\Categories\Commands\DeleteCategory\DeleteCategoryCommandHandler.cs" line-rate="1" branch-rate="1" complexity="1">
          <methods>
            <method name="MoveNext" signature="()" line-rate="1" branch-rate="1" complexity="1">
              <lines>
                <line number="17" hits="1" branch="False" />
                <line number="18" hits="1" branch="False" />
              </lines>
            </method>
          </methods>
          <lines>
            <line number="17" hits="1" branch="False" />
            <line number="18" hits="1" branch="False" />
          </lines>
        </class>
        <class name="FinanceTracker.Application.Features.Categories.Commands.CreateCategory.CreateCategoryCommand" filename="FinanceTracker.Application\Features\Categories\Commands\CreateCategory\CreateCategoryCommand.cs" line-rate="1" branch-rate="1" complexity="1">
          <methods>
            <method name="get_Dto" signature="()" line-rate="1" branch-rate="1" complexity="1">
              <lines>
                <line number="7" hits="12" branch="False" />
              </lines>
            </method>
          </methods>
          <lines>
            <line number="7" hits="12" branch="False" />
          </lines>
        </class>
        <class name="FinanceTracker.Application.Features.Categories.Commands.CreateCategory.CreateCategoryCommandHandler" filename="FinanceTracker.Application\Features\Categories\Commands\CreateCategory\CreateCategoryCommandHandler.cs" line-rate="1" branch-rate="1" complexity="1">
          <methods>
            <method name=".ctor" signature="(FinanceTracker.Application.Services.ICategoryService)" line-rate="1" branch-rate="1" complexity="1">
              <lines>
                <line number="12" hits="4" branch="False" />
                <line number="14" hits="4" branch="False" />
                <line number="15" hits="4" branch="False" />
              </lines>
            </method>
          </methods>
          <lines>
            <line number="12" hits="4" branch="False" />
            <line number="14" hits="4" branch="False" />
            <line number="15" hits="4" branch="False" />
          </lines>
        </class>
        <class name="FinanceTracker.Application.Features.Categories.Commands.CreateCategory.CreateCategoryCommandHandler/&lt;Handle&gt;d__2" filename="FinanceTracker.Application\Features\Categories\Commands\CreateCategory\CreateCategoryCommandHandler.cs" line-rate="1" branch-rate="1" complexity="1">
          <methods>
            <method name="MoveNext" signature="()" line-rate="1" branch-rate="1" complexity="1">
              <lines>
                <line number="19" hits="4" branch="False" />
                <line number="20" hits="4" branch="False" />
                <line number="21" hits="4" branch="False" />
                <line number="22" hits="4" branch="False" />
                <line number="23" hits="4" branch="False" />
                <line number="24" hits="4" branch="False" />
                <line number="25" hits="4" branch="False" />
                <line number="26" hits="4" branch="False" />
                <line number="28" hits="4" branch="False" />
                <line number="29" hits="4" branch="False" />
                <line number="30" hits="4" branch="False" />
              </lines>
            </method>
          </methods>
          <lines>
            <line number="19" hits="4" branch="False" />
            <line number="20" hits="4" branch="False" />
            <line number="21" hits="4" branch="False" />
            <line number="22" hits="4" branch="False" />
            <line number="23" hits="4" branch="False" />
            <line number="24" hits="4" branch="False" />
            <line number="25" hits="4" branch="False" />
            <line number="26" hits="4" branch="False" />
            <line number="28" hits="4" branch="False" />
            <line number="29" hits="4" branch="False" />
            <line number="30" hits="4" branch="False" />
          </lines>
        </class>
        <class name="FinanceTracker.Application.Dtos.CreateCategoryDto" filename="FinanceTracker.Application\Dtos\CreateCategoryDto.cs" line-rate="1" branch-rate="1" complexity="2">
          <methods>
            <method name="get_Name" signature="()" line-rate="1" branch-rate="1" complexity="1">
              <lines>
                <line number="9" hits="25" branch="False" />
              </lines>
            </method>
            <method name="get_CategoryType" signature="()" line-rate="1" branch-rate="1" complexity="1">
              <lines>
                <line number="12" hits="18" branch="False" />
              </lines>
            </method>
          </methods>
          <lines>
            <line number="9" hits="25" branch="False" />
            <line number="12" hits="18" branch="False" />
          </lines>
        </class>
        <class name="FinanceTracker.Application.Dtos.CreateTransactionDto" filename="FinanceTracker.Application\Dtos\CreateTransactionDto.cs" line-rate="1" branch-rate="1" complexity="7">
          <methods>
            <method name="get_Name" signature="()" line-rate="1" branch-rate="1" complexity="1">
              <lines>
                <line number="9" hits="12" branch="False" />
              </lines>
            </method>
            <method name="get_CategoryId" signature="()" line-rate="1" branch-rate="1" complexity="1">
              <lines>
                <line number="12" hits="7" branch="False" />
              </lines>
            </method>
            <method name="get_Description" signature="()" line-rate="1" branch-rate="1" complexity="1">
              <lines>
                <line number="15" hits="8" branch="False" />
              </lines>
            </method>
            <method name="get_Amount" signature="()" line-rate="1" branch-rate="1" complexity="1">
              <lines>
                <line number="18" hits="8" branch="False" />
              </lines>
            </method>
            <method name="get_TransactionDate" signature="()" line-rate="1" branch-rate="1" complexity="1">
              <lines>
                <line number="21" hits="8" branch="False" />
              </lines>
            </method>
            <method name="get_FrequencyId" signature="()" line-rate="1" branch-rate="1" complexity="1">
              <lines>
                <line number="23" hits="8" branch="False" />
              </lines>
            </method>
            <method name="get_CreatedBy" signature="()" line-rate="1" branch-rate="1" complexity="1">
              <lines>
                <line number="27" hits="11" branch="False" />
              </lines>
            </method>
          </methods>
          <lines>
            <line number="9" hits="12" branch="False" />
            <line number="12" hits="7" branch="False" />
            <line number="15" hits="8" branch="False" />
            <line number="18" hits="8" branch="False" />
            <line number="21" hits="8" branch="False" />
            <line number="23" hits="8" branch="False" />
            <line number="27" hits="11" branch="False" />
          </lines>
        </class>
        <class name="FinanceTracker.Application.Dtos.UpdateCategoryDto" filename="FinanceTracker.Application\Dtos\UpdateCategoryDto.cs" line-rate="1" branch-rate="1" complexity="2">
          <methods>
            <method name="get_Name" signature="()" line-rate="1" branch-rate="1" complexity="1">
              <lines>
                <line number="9" hits="7" branch="False" />
              </lines>
            </method>
            <method name="get_CategoryType" signature="()" line-rate="1" branch-rate="1" complexity="1">
              <lines>
                <line number="12" hits="5" branch="False" />
              </lines>
            </method>
          </methods>
          <lines>
            <line number="9" hits="7" branch="False" />
            <line number="12" hits="5" branch="False" />
          </lines>
        </class>
        <class name="FinanceTracker.Application.Dtos.UpdateTransactionDto" filename="FinanceTracker.Application\Dtos\UpdateTransactionDto.cs" line-rate="1" branch-rate="1" complexity="6">
          <methods>
            <method name="get_Name" signature="()" line-rate="1" branch-rate="1" complexity="1">
              <lines>
                <line number="9" hits="22" branch="False" />
              </lines>
            </method>
            <method name="get_CategoryId" signature="()" line-rate="1" branch-rate="1" complexity="1">
              <lines>
                <line number="12" hits="13" branch="False" />
              </lines>
            </method>
            <method name="get_Description" signature="()" line-rate="1" branch-rate="1" complexity="1">
              <lines>
                <line number="15" hits="12" branch="False" />
              </lines>
            </method>
            <method name="get_Amount" signature="()" line-rate="1" branch-rate="1" complexity="1">
              <lines>
                <line number="18" hits="15" branch="False" />
              </lines>
            </method>
            <method name="get_TransactionDate" signature="()" line-rate="1" branch-rate="1" complexity="1">
              <lines>
                <line number="21" hits="15" branch="False" />
              </lines>
            </method>
            <method name="get_FrequencyId" signature="()" line-rate="1" branch-rate="1" complexity="1">
              <lines>
                <line number="23" hits="10" branch="False" />
              </lines>
            </method>
          </methods>
          <lines>
            <line number="9" hits="22" branch="False" />
            <line number="12" hits="13" branch="False" />
            <line number="15" hits="12" branch="False" />
            <line number="18" hits="15" branch="False" />
            <line number="21" hits="15" branch="False" />
            <line number="23" hits="10" branch="False" />
          </lines>
        </class>
        <class name="FinanceTracker.Application.Dtos.Responses.ApiResponseDto`1" filename="FinanceTracker.Application\Dtos\Responses\ApiResponseDto.cs" line-rate="1" branch-rate="1" complexity="5">
          <methods>
            <method name="get_Success" signature="()" line-rate="1" branch-rate="1" complexity="1">
              <lines>
                <line number="5" hits="43" branch="False" />
              </lines>
            </method>
            <method name="get_Message" signature="()" line-rate="1" branch-rate="1" complexity="1">
              <lines>
                <line number="6" hits="41" branch="False" />
              </lines>
            </method>
            <method name="get_Data" signature="()" line-rate="1" branch-rate="1" complexity="1">
              <lines>
                <line number="7" hits="49" branch="False" />
              </lines>
            </method>
            <method name="Ok" signature="(T,System.String)" line-rate="1" branch-rate="1" complexity="1">
              <lines>
                <line number="10" hits="12" branch="False" />
              </lines>
            </method>
            <method name="Fail" signature="(System.String)" line-rate="1" branch-rate="1" complexity="1">
              <lines>
                <line number="13" hits="5" branch="False" />
              </lines>
            </method>
          </methods>
          <lines>
            <line number="5" hits="43" branch="False" />
            <line number="6" hits="41" branch="False" />
            <line number="7" hits="49" branch="False" />
            <line number="10" hits="12" branch="False" />
            <line number="13" hits="5" branch="False" />
          </lines>
        </class>
        <class name="FinanceTracker.Application.Dtos.Responses.CategoryResponseDto" filename="FinanceTracker.Application\Dtos\Responses\CategoryResponseDto.cs" line-rate="1" branch-rate="1" complexity="6">
          <methods>
            <method name="get_Id" signature="()" line-rate="1" branch-rate="1" complexity="1">
              <lines>
                <line number="7" hits="21" branch="False" />
              </lines>
            </method>
            <method name="get_Name" signature="()" line-rate="1" branch-rate="1" complexity="1">
              <lines>
                <line number="8" hits="27" branch="False" />
              </lines>
            </method>
            <method name="get_CategoryType" signature="()" line-rate="1" branch-rate="1" complexity="1">
              <lines>
                <line number="9" hits="16" branch="False" />
              </lines>
            </method>
            <method name="get_CreatedAt" signature="()" line-rate="1" branch-rate="1" complexity="1">
              <lines>
                <line number="10" hits="15" branch="False" />
              </lines>
            </method>
            <method name="get_IsActive" signature="()" line-rate="1" branch-rate="1" complexity="1">
              <lines>
                <line number="11" hits="15" branch="False" />
              </lines>
            </method>
            <method name="FromEntity" signature="(FinanceTracker.Domain.Entities.Category)" line-rate="1" branch-rate="1" complexity="1">
              <lines>
                <line number="14" hits="6" branch="False" />
                <line number="15" hits="6" branch="False" />
                <line number="16" hits="6" branch="False" />
                <line number="17" hits="6" branch="False" />
                <line number="18" hits="6" branch="False" />
                <line number="19" hits="6" branch="False" />
                <line number="20" hits="6" branch="False" />
                <line number="21" hits="6" branch="False" />
              </lines>
            </method>
          </methods>
          <lines>
            <line number="7" hits="21" branch="False" />
            <line number="8" hits="27" branch="False" />
            <line number="9" hits="16" branch="False" />
            <line number="10" hits="15" branch="False" />
            <line number="11" hits="15" branch="False" />
            <line number="14" hits="6" branch="False" />
            <line number="15" hits="6" branch="False" />
            <line number="16" hits="6" branch="False" />
            <line number="17" hits="6" branch="False" />
            <line number="18" hits="6" branch="False" />
            <line number="19" hits="6" branch="False" />
            <line number="20" hits="6" branch="False" />
            <line number="21" hits="6" branch="False" />
          </lines>
        </class>
[...]
                <line number="118" hits="0" branch="False" />
                <line number="119" hits="0" branch="False" />
                <line number="120" hits="0" branch="False" />
                <line number="121" hits="0" branch="False" />
                <line number="122" hits="0" branch="False" />
                <line number="123" hits="0" branch="False" />
                <line number="124" hits="0" branch="False" />
                <line number="125" hits="0" branch="False" />
                <line number="126" hits="0" branch="False" />
                <line number="127" hits="0" branch="False" />
                <line number="128" hits="0" branch="False" />
                <line number="129" hits="0" branch="False" />
                <line number="130" hits="0" branch="False" />
                <line number="131" hits="0" branch="False" />
                <line number="132" hits="0" branch="False" />
                <line number="133" hits="0" branch="False" />
                <line number="134" hits="0" branch="False" />
                <line number="135" hits="0" branch="False" />
                <line number="136" hits="0" branch="False" />
                <line number="137" hits="0" branch="False" />
                <line number="138" hits="0" branch="False" />
                <line number="139" hits="0" branch="False" />
                <line number="140" hits="0" branch="False" />
                <line number="141" hits="0" branch="False" />
                <line number="142" hits="0" branch="False" />
                <line number="143" hits="0" branch="False" />
                <line number="144" hits="0" branch="False" />
                <line number="145" hits="0" branch="False" />
                <line number="146" hits="0" branch="False" />
                <line number="147" hits="0" branch="False" />
                <line number="148" hits="0" branch="False" />
                <line number="149" hits="0" branch="False" />
                <line number="150" hits="0" branch="False" />
                <line number="151" hits="0" branch="False" />
                <line number="152" hits="0" branch="False" />
                <line number="153" hits="0" branch="False" />
                <line number="154" hits="0" branch="False" />
                <line number="155" hits="0" branch="False" />
                <line number="156" hits="0" branch="False" />
                <line number="157" hits="0" branch="False" />
                <line number="158" hits="0" branch="False" />
                <line number="159" hits="0" branch="False" />
                <line number="160" hits="0" branch="False" />
                <line number="161" hits="0" branch="False" />
                <line number="162" hits="0" branch="False" />
                <line number="164" hits="0" branch="False" />
                <line number="165" hits="0" branch="False" />
                <line number="166" hits="0" branch="False" />
                <line number="167" hits="0" branch="False" />
                <line number="168" hits="0" branch="False" />
                <line number="169" hits="0" branch="False" />
                <line number="170" hits="0" branch="False" />
                <line number="171" hits="0" branch="False" />
                <line number="172" hits="0" branch="False" />
                <line number="173" hits="0" branch="False" />
                <line number="174" hits="0" branch="False" />
                <line number="175" hits="0" branch="False" />
                <line number="176" hits="0" branch="False" />
                <line number="177" hits="0" branch="False" />
                <line number="178" hits="0" branch="False" />
                <line number="179" hits="0" branch="False" />
                <line number="180" hits="0" branch="False" />
                <line number="181" hits="0" branch="False" />
                <line number="182" hits="0" branch="False" />
                <line number="183" hits="0" branch="False" />
                <line number="184" hits="0" branch="False" />
                <line number="185" hits="0" branch="False" />
                <line number="186" hits="0" branch="False" />
                <line number="187" hits="0" branch="False" />
                <line number="188" hits="0" branch="False" />
                <line number="189" hits="0" branch="False" />
                <line number="190" hits="0" branch="False" />
                <line number="191" hits="0" branch="False" />
                <line number="192" hits="0" branch="False" />
                <line number="193" hits="0" branch="False" />
                <line number="194" hits="0" branch="False" />
                <line number="195" hits="0" branch="False" />
                <line number="196" hits="0" branch="False" />
                <line number="197" hits="0" branch="False" />
                <line number="198" hits="0" branch="False" />
                <line number="199" hits="0" branch="False" />
                <line number="200" hits="0" branch="False" />
                <line number="201" hits="0" branch="False" />
                <line number="202" hits="0" branch="False" />
                <line number="203" hits="0" branch="False" />
                <line number="204" hits="0" branch="False" />
                <line number="205" hits="0" branch="False" />
                <line number="206" hits="0" branch="False" />
                <line number="207" hits="0" branch="False" />
                <line number="208" hits="0" branch="False" />
                <line number="209" hits="0" branch="False" />
                <line number="210" hits="0" branch="False" />
                <line number="211" hits="0" branch="False" />
                <line number="213" hits="0" branch="False" />
                <line number="214" hits="0" branch="False" />
                <line number="215" hits="0" branch="False" />
                <line number="216" hits="0" branch="False" />
                <line number="217" hits="0" branch="False" />
                <line number="218" hits="0" branch="False" />
                <line number="219" hits="0" branch="False" />
                <line number="220" hits="0" branch="False" />
                <line number="221" hits="0" branch="False" />
                <line number="222" hits="0" branch="False" />
                <line number="223" hits="0" branch="False" />
                <line number="224" hits="0" branch="False" />
                <line number="225" hits="0" branch="False" />
                <line number="226" hits="0" branch="False" />
                <line number="227" hits="0" branch="False" />
                <line number="228" hits="0" branch="False" />
                <line number="229" hits="0" branch="False" />
                <line number="231" hits="0" branch="False" />
                <line number="232" hits="0" branch="False" />
                <line number="233" hits="0" branch="False" />
                <line number="234" hits="0" branch="False" />
                <line number="236" hits="0" branch="False" />
                <line number="237" hits="0" branch="False" />
                <line number="238" hits="0" branch="False" />
                <line number="239" hits="0" branch="False" />
                <line number="241" hits="0" branch="False" />
              </lines>
            </method>
          </methods>
          <lines>
            <line number="19" hits="0" branch="False" />
            <line number="20" hits="0" branch="False" />
            <line number="21" hits="0" branch="False" />
            <line number="23" hits="0" branch="False" />
            <line number="25" hits="0" branch="False" />
            <line number="26" hits="0" branch="False" />
            <line number="27" hits="0" branch="False" />
            <line number="28" hits="0" branch="False" />
            <line number="29" hits="0" branch="False" />
            <line number="30" hits="0" branch="False" />
            <line number="31" hits="0" branch="False" />
            <line number="32" hits="0" branch="False" />
            <line number="33" hits="0" branch="False" />
            <line number="34" hits="0" branch="False" />
            <line number="35" hits="0" branch="False" />
            <line number="36" hits="0" branch="False" />
            <line number="37" hits="0" branch="False" />
            <line number="38" hits="0" branch="False" />
            <line number="39" hits="0" branch="False" />
            <line number="40" hits="0" branch="False" />
            <line number="41" hits="0" branch="False" />
            <line number="42" hits="0" branch="False" />
            <line number="43" hits="0" branch="False" />
            <line number="44" hits="0" branch="False" />
            <line number="45" hits="0" branch="False" />
            <line number="46" hits="0" branch="False" />
            <line number="47" hits="0" branch="False" />
            <line number="48" hits="0" branch="False" />
            <line number="49" hits="0" branch="False" />
            <line number="50" hits="0" branch="False" />
            <line number="51" hits="0" branch="False" />
            <line number="52" hits="0" branch="False" />
            <line number="53" hits="0" branch="False" />
            <line number="55" hits="0" branch="False" />
            <line number="56" hits="0" branch="False" />
            <line number="57" hits="0" branch="False" />
            <line number="58" hits="0" branch="False" />
            <line number="59" hits="0" branch="False" />
            <line number="60" hits="0" branch="False" />
            <line number="61" hits="0" branch="False" />
            <line number="62" hits="0" branch="False" />
            <line number="63" hits="0" branch="False" />
            <line number="64" hits="0" branch="False" />
            <line number="65" hits="0" branch="False" />
            <line number="66" hits="0" branch="False" />
            <line number="67" hits="0" branch="False" />
            <line number="68" hits="0" branch="False" />
            <line number="69" hits="0" branch="False" />
            <line number="70" hits="0" branch="False" />
            <line number="71" hits="0" branch="False" />
            <line number="72" hits="0" branch="False" />
            <line number="73" hits="0" branch="False" />
            <line number="74" hits="0" branch="False" />
            <line number="75" hits="0" branch="False" />
            <line number="76" hits="0" branch="False" />
            <line number="77" hits="0" branch="False" />
            <line number="78" hits="0" branch="False" />
            <line number="79" hits="0" branch="False" />
            <line number="80" hits="0" branch="False" />
            <line number="81" hits="0" branch="False" />
            <line number="82" hits="0" branch="False" />
            <line number="83" hits="0" branch="False" />
            <line number="84" hits="0" branch="False" />
            <line number="85" hits="0" branch="False" />
            <line number="86" hits="0" branch="False" />
            <line number="87" hits="0" branch="False" />
            <line number="88" hits="0" branch="False" />
            <line number="89" hits="0" branch="False" />
            <line number="90" hits="0" branch="False" />
            <line number="91" hits="0" branch="False" />
            <line number="92" hits="0" branch="False" />
            <line number="93" hits="0" branch="False" />
            <line number="94" hits="0" branch="False" />
            <line number="95" hits="0" branch="False" />
            <line number="96" hits="0" branch="False" />
            <line number="97" hits="0" branch="False" />
            <line number="98" hits="0" branch="False" />
            <line number="99" hits="0" branch="False" />
            <line number="100" hits="0" branch="False" />
            <line number="101" hits="0" branch="False" />
            <line number="102" hits="0" branch="False" />
            <line number="103" hits="0" branch="False" />
            <line number="104" hits="0" branch="False" />
            <line number="105" hits="0" branch="False" />
            <line number="106" hits="0" branch="False" />
            <line number="107" hits="0" branch="False" />
            <line number="108" hits="0" branch="False" />
            <line number="109" hits="0" branch="False" />
            <line number="110" hits="0" branch="False" />
            <line number="111" hits="0" branch="False" />
            <line number="112" hits="0" branch="False" />
            <line number="113" hits="0" branch="False" />
            <line number="114" hits="0" branch="False" />
            <line number="115" hits="0" branch="False" />
            <line number="116" hits="0" branch="False" />
            <line number="117" hits="0" branch="False" />
            <line number="118" hits="0" branch="False" />
            <line number="119" hits="0" branch="False" />
            <line number="120" hits="0" branch="False" />
            <line number="121" hits="0" branch="False" />
            <line number="122" hits="0" branch="False" />
            <line number="123" hits="0" branch="False" />
            <line number="124" hits="0" branch="False" />
            <line number="125" hits="0" branch="False" />
            <line number="126" hits="0" branch="False" />
            <line number="127" hits="0" branch="False" />
            <line number="128" hits="0" branch="False" />
            <line number="129" hits="0" branch="False" />
            <line number="130" hits="0" branch="False" />
            <line number="131" hits="0" branch="False" />
            <line number="132" hits="0" branch="False" />
            <line number="133" hits="0" branch="False" />
            <line number="134" hits="0" branch="False" />
            <line number="135" hits="0" branch="False" />
            <line number="136" hits="0" branch="False" />
            <line number="137" hits="0" branch="False" />
            <line number="138" hits="0" branch="False" />
            <line number="139" hits="0" branch="False" />
            <line number="140" hits="0" branch="False" />
            <line number="141" hits="0" branch="False" />
            <line number="142" hits="0" branch="False" />
            <line number="143" hits="0" branch="False" />
            <line number="144" hits="0" branch="False" />
            <line number="145" hits="0" branch="False" />
            <line number="146" hits="0" branch="False" />
            <line number="147" hits="0" branch="False" />
            <line number="148" hits="0" branch="False" />
            <line number="149" hits="0" branch="False" />
            <line number="150" hits="0" branch="False" />
            <line number="151" hits="0" branch="False" />
            <line number="152" hits="0" branch="False" />
            <line number="153" hits="0" branch="False" />
            <line number="154" hits="0" branch="False" />
            <line number="155" hits="0" branch="False" />
            <line number="156" hits="0" branch="False" />
            <line number="157" hits="0" branch="False" />
            <line number="158" hits="0" branch="False" />
            <line number="159" hits="0" branch="False" />
            <line number="160" hits="0" branch="False" />
            <line number="161" hits="0" branch="False" />
            <line number="162" hits="0" branch="False" />
            <line number="164" hits="0" branch="False" />
            <line number="165" hits="0" branch="False" />
            <line number="166" hits="0" branch="False" />
            <line number="167" hits="0" branch="False" />
            <line number="168" hits="0" branch="False" />
            <line number="169" hits="0" branch="False" />
            <line number="170" hits="0" branch="False" />
            <line number="171" hits="0" branch="False" />
            <line number="172" hits="0" branch="False" />
            <line number="173" hits="0" branch="False" />
            <line number="174" hits="0" branch="False" />
            <line number="175" hits="0" branch="False" />
            <line number="176" hits="0" branch="False" />
            <line number="177" hits="0" branch="False" />
            <line number="178" hits="0" branch="False" />
            <line number="179" hits="0" branch="False" />
            <line number="180" hits="0" branch="False" />
            <line number="181" hits="0" branch="False" />
            <line number="182" hits="0" branch="False" />
            <line number="183" hits="0" branch="False" />
            <line number="184" hits="0" branch="False" />
            <line number="185" hits="0" branch="False" />
            <line number="186" hits="0" branch="False" />
            <line number="187" hits="0" branch="False" />
            <line number="188" hits="0" branch="False" />
            <line number="189" hits="0" branch="False" />
            <line number="190" hits="0" branch="False" />
            <line number="191" hits="0" branch="False" />
            <line number="192" hits="0" branch="False" />
            <line number="193" hits="0" branch="False" />
            <line number="194" hits="0" branch="False" />
            <line number="195" hits="0" branch="False" />
            <line number="196" hits="0" branch="False" />
            <line number="197" hits="0" branch="False" />
            <line number="198" hits="0" branch="False" />
            <line number="199" hits="0" branch="False" />
            <line number="200" hits="0" branch="False" />
            <line number="201" hits="0" branch="False" />
            <line number="202" hits="0" branch="False" />
            <line number="203" hits="0" branch="False" />
            <line number="204" hits="0" branch="False" />
            <line number="205" hits="0" branch="False" />
            <line number="206" hits="0" branch="False" />
            <line number="207" hits="0" branch="False" />
            <line number="208" hits="0" branch="False" />
            <line number="209" hits="0" branch="False" />
            <line number="210" hits="0" branch="False" />
            <line number="211" hits="0" branch="False" />
            <line number="213" hits="0" branch="False" />
            <line number="214" hits="0" branch="False" />
            <line number="215" hits="0" branch="False" />
            <line number="216" hits="0" branch="False" />
            <line number="217" hits="0" branch="False" />
            <line number="218" hits="0" branch="False" />
            <line number="219" hits="0" branch="False" />
            <line number="220" hits="0" branch="False" />
            <line number="221" hits="0" branch="False" />
            <line number="222" hits="0" branch="False" />
            <line number="223" hits="0" branch="False" />
            <line number="224" hits="0" branch="False" />
            <line number="225" hits="0" branch="False" />
            <line number="226" hits="0" branch="False" />
            <line number="227" hits="0" branch="False" />
            <line number="228" hits="0" branch="False" />
            <line number="229" hits="0" branch="False" />
            <line number="231" hits="0" branch="False" />
            <line number="232" hits="0" branch="False" />
            <line number="233" hits="0" branch="False" />
            <line number="234" hits="0" branch="False" />
            <line number="236" hits="0" branch="False" />
            <line number="237" hits="0" branch="False" />
            <line number="238" hits="0" branch="False" />
            <line number="239" hits="0" branch="False" />
            <line number="241" hits="0" branch="False" />
          </lines>
        </class>
      </classes>
    </package>
  </packages>
</coverage>